{"C:\\Users\\becky\\Desktop\\shortly-url-shortener\\client\\src\\App.js": {"path":"C:\\Users\\becky\\Desktop\\shortly-url-shortener\\client\\src\\App.js","statementMap":{"0":{"start":{"line":14,"column":19},"end":{"line":55,"column":1}},"1":{"start":{"line":15,"column":40},"end":{"line":15,"column":49}},"2":{"start":{"line":17,"column":4},"end":{"line":24,"column":12}},"3":{"start":{"line":18,"column":8},"end":{"line":23,"column":9}},"4":{"start":{"line":19,"column":30},"end":{"line":19,"column":42}},"5":{"start":{"line":20,"column":12},"end":{"line":20,"column":32}},"6":{"start":{"line":21,"column":38},"end":{"line":21,"column":55}},"7":{"start":{"line":22,"column":12},"end":{"line":22,"column":68}},"8":{"start":{"line":22,"column":27},"end":{"line":22,"column":65}},"9":{"start":{"line":26,"column":2},"end":{"line":54,"column":4}}},"fnMap":{"0":{"name":"(anonymous_0)","decl":{"start":{"line":14,"column":19},"end":{"line":14,"column":20}},"loc":{"start":{"line":14,"column":25},"end":{"line":55,"column":1}},"line":14},"1":{"name":"(anonymous_1)","decl":{"start":{"line":17,"column":14},"end":{"line":17,"column":15}},"loc":{"start":{"line":17,"column":20},"end":{"line":24,"column":7}},"line":17},"2":{"name":"(anonymous_2)","decl":{"start":{"line":22,"column":20},"end":{"line":22,"column":21}},"loc":{"start":{"line":22,"column":27},"end":{"line":22,"column":65}},"line":22}},"branchMap":{"0":{"loc":{"start":{"line":18,"column":8},"end":{"line":23,"column":9}},"type":"if","locations":[{"start":{"line":18,"column":8},"end":{"line":23,"column":9}},{"start":{"line":18,"column":8},"end":{"line":23,"column":9}}],"line":18},"1":{"loc":{"start":{"line":34,"column":25},"end":{"line":34,"column":84}},"type":"cond-expr","locations":[{"start":{"line":34,"column":34},"end":{"line":34,"column":61}},{"start":{"line":34,"column":64},"end":{"line":34,"column":84}}],"line":34},"2":{"loc":{"start":{"line":37,"column":25},"end":{"line":37,"column":86}},"type":"cond-expr","locations":[{"start":{"line":37,"column":34},"end":{"line":37,"column":61}},{"start":{"line":37,"column":64},"end":{"line":37,"column":86}}],"line":37},"3":{"loc":{"start":{"line":40,"column":25},"end":{"line":40,"column":85}},"type":"cond-expr","locations":[{"start":{"line":40,"column":34},"end":{"line":40,"column":55}},{"start":{"line":40,"column":58},"end":{"line":40,"column":85}}],"line":40},"4":{"loc":{"start":{"line":43,"column":25},"end":{"line":43,"column":72}},"type":"cond-expr","locations":[{"start":{"line":43,"column":34},"end":{"line":43,"column":46}},{"start":{"line":43,"column":49},"end":{"line":43,"column":72}}],"line":43},"5":{"loc":{"start":{"line":46,"column":25},"end":{"line":46,"column":71}},"type":"cond-expr","locations":[{"start":{"line":46,"column":34},"end":{"line":46,"column":61}},{"start":{"line":46,"column":64},"end":{"line":46,"column":71}}],"line":46}},"s":{"0":0,"1":0,"2":0,"3":0,"4":0,"5":0,"6":0,"7":0,"8":0,"9":0},"f":{"0":0,"1":0,"2":0},"b":{"0":[0,0],"1":[0,0],"2":[0,0],"3":[0,0],"4":[0,0],"5":[0,0]},"hash":"e201ade592a781883e89cddf87f919adc62bbab6"}
,"C:\\Users\\becky\\Desktop\\shortly-url-shortener\\client\\src\\components\\Error.js": {"path":"C:\\Users\\becky\\Desktop\\shortly-url-shortener\\client\\src\\components\\Error.js","statementMap":{"0":{"start":{"line":6,"column":17},"end":{"line":11,"column":1}},"1":{"start":{"line":13,"column":14},"end":{"line":13,"column":90}},"2":{"start":{"line":13,"column":27},"end":{"line":13,"column":90}}},"fnMap":{"0":{"name":"(anonymous_0)","decl":{"start":{"line":13,"column":14},"end":{"line":13,"column":15}},"loc":{"start":{"line":13,"column":27},"end":{"line":13,"column":90}},"line":13}},"branchMap":{},"s":{"0":1,"1":1,"2":3},"f":{"0":3},"b":{},"_coverageSchema":"43e27e138ebf9cfc5966b082cf9a028302ed4184","hash":"e6347ba6dc05805da2bf9cd68576a202de47353c"}
}
